[2025-04-23T14:48:40.515+0000] {taskinstance.py:1103} INFO - Dependencies all met for dep_context=non-requeueable deps ti=<TaskInstance: transform.test_spark_connection manual__2025-04-23T14:46:25.916369+00:00 [queued]>
[2025-04-23T14:48:40.521+0000] {taskinstance.py:1103} INFO - Dependencies all met for dep_context=requeueable deps ti=<TaskInstance: transform.test_spark_connection manual__2025-04-23T14:46:25.916369+00:00 [queued]>
[2025-04-23T14:48:40.522+0000] {taskinstance.py:1308} INFO - Starting attempt 2 of 2
[2025-04-23T14:48:40.532+0000] {taskinstance.py:1327} INFO - Executing <Task(PythonOperator): test_spark_connection> on 2025-04-23 14:46:25.916369+00:00
[2025-04-23T14:48:40.537+0000] {standard_task_runner.py:57} INFO - Started process 272 to run task
[2025-04-23T14:48:40.539+0000] {standard_task_runner.py:84} INFO - Running: ['airflow', 'tasks', 'run', 'transform', 'test_spark_connection', 'manual__2025-04-23T14:46:25.916369+00:00', '--job-id', '10', '--raw', '--subdir', 'DAGS_FOLDER/transform.py', '--cfg-path', '/tmp/tmp9gddnaq1']
[2025-04-23T14:48:40.540+0000] {standard_task_runner.py:85} INFO - Job 10: Subtask test_spark_connection
[2025-04-23T14:48:40.578+0000] {task_command.py:410} INFO - Running <TaskInstance: transform.test_spark_connection manual__2025-04-23T14:46:25.916369+00:00 [running]> on host 366c607546bb
[2025-04-23T14:48:40.721+0000] {taskinstance.py:1547} INFO - Exporting env vars: AIRFLOW_CTX_DAG_OWNER='finbest' AIRFLOW_CTX_DAG_ID='transform' AIRFLOW_CTX_TASK_ID='test_spark_connection' AIRFLOW_CTX_EXECUTION_DATE='2025-04-23T14:46:25.916369+00:00' AIRFLOW_CTX_TRY_NUMBER='2' AIRFLOW_CTX_DAG_RUN_ID='manual__2025-04-23T14:46:25.916369+00:00'
[2025-04-23T14:48:40.728+0000] {taskinstance.py:1824} ERROR - Task failed with exception
Traceback (most recent call last):
  File "/home/airflow/.local/lib/python3.7/site-packages/airflow/operators/python.py", line 181, in execute
    return_value = self.execute_callable()
  File "/home/airflow/.local/lib/python3.7/site-packages/airflow/operators/python.py", line 198, in execute_callable
    return self.python_callable(*self.op_args, **self.op_kwargs)
  File "/opt/airflow/dags/transform.py", line 69, in test_spark_connection
    result = subprocess.run(["ping", "-c", "3", "spark-master"], capture_output=True, text=True)
  File "/usr/local/lib/python3.7/subprocess.py", line 488, in run
    with Popen(*popenargs, **kwargs) as process:
  File "/usr/local/lib/python3.7/subprocess.py", line 800, in __init__
    restore_signals, start_new_session)
  File "/usr/local/lib/python3.7/subprocess.py", line 1567, in _execute_child
    raise child_exception_type(errno_num, err_msg, err_filename)
PermissionError: [Errno 13] Permission denied: 'ping'
[2025-04-23T14:48:40.738+0000] {taskinstance.py:1350} INFO - Marking task as FAILED. dag_id=transform, task_id=test_spark_connection, execution_date=20250423T144625, start_date=20250423T144840, end_date=20250423T144840
[2025-04-23T14:48:40.747+0000] {standard_task_runner.py:109} ERROR - Failed to execute job 10 for task test_spark_connection ([Errno 13] Permission denied: 'ping'; 272)
[2025-04-23T14:48:40.791+0000] {local_task_job_runner.py:225} INFO - Task exited with return code 1
[2025-04-23T14:48:40.814+0000] {taskinstance.py:2653} INFO - 0 downstream tasks scheduled from follow-on schedule check
