[2025-04-23T07:26:46.955+0000] {taskinstance.py:1103} INFO - Dependencies all met for dep_context=non-requeueable deps ti=<TaskInstance: transform.dbt_run manual__2025-04-23T07:26:43.837186+00:00 [queued]>
[2025-04-23T07:26:46.962+0000] {taskinstance.py:1103} INFO - Dependencies all met for dep_context=requeueable deps ti=<TaskInstance: transform.dbt_run manual__2025-04-23T07:26:43.837186+00:00 [queued]>
[2025-04-23T07:26:46.963+0000] {taskinstance.py:1308} INFO - Starting attempt 1 of 2
[2025-04-23T07:26:46.978+0000] {taskinstance.py:1327} INFO - Executing <Task(PythonOperator): dbt_run> on 2025-04-23 07:26:43.837186+00:00
[2025-04-23T07:26:46.982+0000] {standard_task_runner.py:57} INFO - Started process 22867 to run task
[2025-04-23T07:26:46.984+0000] {standard_task_runner.py:84} INFO - Running: ['airflow', 'tasks', 'run', 'transform', 'dbt_run', 'manual__2025-04-23T07:26:43.837186+00:00', '--job-id', '24', '--raw', '--subdir', 'DAGS_FOLDER/transform.py', '--cfg-path', '/tmp/tmpiitg9sc0']
[2025-04-23T07:26:46.985+0000] {standard_task_runner.py:85} INFO - Job 24: Subtask dbt_run
[2025-04-23T07:26:47.026+0000] {task_command.py:410} INFO - Running <TaskInstance: transform.dbt_run manual__2025-04-23T07:26:43.837186+00:00 [running]> on host ee3569271e7b
[2025-04-23T07:26:47.099+0000] {taskinstance.py:1547} INFO - Exporting env vars: AIRFLOW_CTX_DAG_OWNER='finbest' AIRFLOW_CTX_DAG_ID='transform' AIRFLOW_CTX_TASK_ID='dbt_run' AIRFLOW_CTX_EXECUTION_DATE='2025-04-23T07:26:43.837186+00:00' AIRFLOW_CTX_TRY_NUMBER='1' AIRFLOW_CTX_DAG_RUN_ID='manual__2025-04-23T07:26:43.837186+00:00'
[2025-04-23T07:26:47.204+0000] {logging_mixin.py:150} INFO - /usr/local/bin/python: Error while finding module specification for 'dbt.cli.main' (ModuleNotFoundError: No module named 'dbt')
[2025-04-23T07:26:47.204+0000] {taskinstance.py:1824} ERROR - Task failed with exception
Traceback (most recent call last):
  File "/home/airflow/.local/lib/python3.7/site-packages/airflow/operators/python.py", line 181, in execute
    return_value = self.execute_callable()
  File "/home/airflow/.local/lib/python3.7/site-packages/airflow/operators/python.py", line 198, in execute_callable
    return self.python_callable(*self.op_args, **self.op_kwargs)
  File "/opt/airflow/dags/transform.py", line 21, in run_dbt
    raise Exception(f"dbt command failed with return code {result.returncode}")
Exception: dbt command failed with return code 1
[2025-04-23T07:26:47.300+0000] {taskinstance.py:1350} INFO - Marking task as UP_FOR_RETRY. dag_id=transform, task_id=dbt_run, execution_date=20250423T072643, start_date=20250423T072646, end_date=20250423T072647
[2025-04-23T07:26:47.309+0000] {standard_task_runner.py:109} ERROR - Failed to execute job 24 for task dbt_run (dbt command failed with return code 1; 22867)
[2025-04-23T07:26:47.356+0000] {local_task_job_runner.py:225} INFO - Task exited with return code 1
[2025-04-23T07:26:47.401+0000] {taskinstance.py:2653} INFO - 0 downstream tasks scheduled from follow-on schedule check
